<?xml version="1.0" encoding="UTF-8"?>
<testng-results skipped="0" failed="1" total="10" passed="9">
  <reporter-output>
  </reporter-output>
  <suite name="Default suite" duration-ms="201244" started-at="2021-09-27T04:11:41Z" finished-at="2021-09-27T04:15:02Z">
    <groups>
      <group name="cucumber">
        <method signature="AbstractTestNGCucumberTests.runScenario(io.cucumber.testng.PickleWrapper, io.cucumber.testng.FeatureWrapper)[pri:0, instance:com.urbanladder.runner.runner@27ce24aa]" name="runScenario" class="io.cucumber.testng.AbstractTestNGCucumberTests"/>
      </group> <!-- cucumber -->
    </groups>
    <test name="Default test" duration-ms="201244" started-at="2021-09-27T04:11:41Z" finished-at="2021-09-27T04:15:02Z">
      <class name="com.urbanladder.runner.runner">
        <test-method status="PASS" signature="setUpClass()[pri:0, instance:com.urbanladder.runner.runner@27ce24aa]" name="setUpClass" is-config="true" duration-ms="457" started-at="2021-09-27T09:41:41Z" finished-at="2021-09-27T09:41:42Z">
          <reporter-output>
          </reporter-output>
        </test-method> <!-- setUpClass -->
        <test-method status="FAIL" signature="runScenario(io.cucumber.testng.PickleWrapper, io.cucumber.testng.FeatureWrapper)[pri:0, instance:com.urbanladder.runner.runner@27ce24aa]" name="runScenario" duration-ms="41995" started-at="2021-09-27T09:41:42Z" description="Runs Cucumber Scenarios" data-provider="scenarios" finished-at="2021-09-27T09:42:24Z">
          <params>
            <param index="0">
              <value>
                <![CDATA["Home page default login"]]>
              </value>
            </param>
            <param index="1">
              <value>
                <![CDATA["Optional[Urban Ladder]"]]>
              </value>
            </param>
          </params>
          <exception class="org.openqa.selenium.ElementNotInteractableException">
            <message>
              <![CDATA[element not interactable
  (Session info: MicrosoftEdge=93.0.961.38)
Build info: version: '3.141.5', revision: 'd54ebd709a', time: '2018-11-06T11:42:16'
System info: host: 'DESKTOP-LV43S8E', ip: '192.168.110.103', os.name: 'Windows 10', os.arch: 'amd64', os.version: '10.0', java.version: '1.8.0_301'
Driver info: org.openqa.selenium.edge.EdgeDriver
Capabilities {acceptInsecureCerts: false, browserName: msedge, browserVersion: 93.0.961.38, javascriptEnabled: true, ms:edgeOptions: {debuggerAddress: localhost:64752}, msedge: {msedgedriverVersion: 92.0.902.67 (eda2f229828b81..., userDataDir: C:\Users\Lenovo\AppData\Loc...}, networkConnectionEnabled: false, pageLoadStrategy: normal, platform: WINDOWS, platformName: WINDOWS, proxy: Proxy(), setWindowRect: true, strictFileInteractability: false, timeouts: {implicit: 0, pageLoad: 300000, script: 30000}, unhandledPromptBehavior: dismiss and notify, webauthn:extension:credBlob: true, webauthn:extension:largeBlob: true, webauthn:virtualAuthenticators: true}
Session ID: 3e568da6d72c45b8d12ffc1880ede35d]]>
            </message>
            <full-stacktrace>
              <![CDATA[org.openqa.selenium.ElementNotInteractableException: element not interactable
  (Session info: MicrosoftEdge=93.0.961.38)
Build info: version: '3.141.5', revision: 'd54ebd709a', time: '2018-11-06T11:42:16'
System info: host: 'DESKTOP-LV43S8E', ip: '192.168.110.103', os.name: 'Windows 10', os.arch: 'amd64', os.version: '10.0', java.version: '1.8.0_301'
Driver info: org.openqa.selenium.edge.EdgeDriver
Capabilities {acceptInsecureCerts: false, browserName: msedge, browserVersion: 93.0.961.38, javascriptEnabled: true, ms:edgeOptions: {debuggerAddress: localhost:64752}, msedge: {msedgedriverVersion: 92.0.902.67 (eda2f229828b81..., userDataDir: C:\Users\Lenovo\AppData\Loc...}, networkConnectionEnabled: false, pageLoadStrategy: normal, platform: WINDOWS, platformName: WINDOWS, proxy: Proxy(), setWindowRect: true, strictFileInteractability: false, timeouts: {implicit: 0, pageLoad: 300000, script: 30000}, unhandledPromptBehavior: dismiss and notify, webauthn:extension:credBlob: true, webauthn:extension:largeBlob: true, webauthn:virtualAuthenticators: true}
Session ID: 3e568da6d72c45b8d12ffc1880ede35d
	at sun.reflect.NativeConstructorAccessorImpl.newInstance0(Native Method)
	at sun.reflect.NativeConstructorAccessorImpl.newInstance(NativeConstructorAccessorImpl.java:62)
	at sun.reflect.DelegatingConstructorAccessorImpl.newInstance(DelegatingConstructorAccessorImpl.java:45)
	at java.lang.reflect.Constructor.newInstance(Constructor.java:423)
	at org.openqa.selenium.remote.http.W3CHttpResponseCodec.createException(W3CHttpResponseCodec.java:187)
	at org.openqa.selenium.remote.http.W3CHttpResponseCodec.decode(W3CHttpResponseCodec.java:122)
	at org.openqa.selenium.remote.http.W3CHttpResponseCodec.decode(W3CHttpResponseCodec.java:49)
	at org.openqa.selenium.remote.HttpCommandExecutor.execute(HttpCommandExecutor.java:158)
	at org.openqa.selenium.remote.service.DriverCommandExecutor.execute(DriverCommandExecutor.java:83)
	at org.openqa.selenium.remote.RemoteWebDriver.execute(RemoteWebDriver.java:552)
	at org.openqa.selenium.remote.RemoteWebElement.execute(RemoteWebElement.java:285)
	at org.openqa.selenium.remote.RemoteWebElement.click(RemoteWebElement.java:84)
	at com.urbanladder.stepDefinition.stepDefination1.user_hover_on_login_and_click_on_login(stepDefination1.java:73)
	at ✽.User hover on login and click on login(file:///C:/Users/Lenovo/eclipse-workspace/laddercucumber/features/UrbanLadder.feature:5)
]]>
            </full-stacktrace>
          </exception> <!-- org.openqa.selenium.ElementNotInteractableException -->
          <reporter-output>
          </reporter-output>
        </test-method> <!-- runScenario -->
        <test-method status="PASS" signature="runScenario(io.cucumber.testng.PickleWrapper, io.cucumber.testng.FeatureWrapper)[pri:0, instance:com.urbanladder.runner.runner@27ce24aa]" name="runScenario" duration-ms="7943" started-at="2021-09-27T09:42:24Z" description="Runs Cucumber Scenarios" data-provider="scenarios" finished-at="2021-09-27T09:42:32Z">
          <params>
            <param index="0">
              <value>
                <![CDATA["searching"]]>
              </value>
            </param>
            <param index="1">
              <value>
                <![CDATA["Optional[Urban Ladder]"]]>
              </value>
            </param>
          </params>
          <reporter-output>
          </reporter-output>
        </test-method> <!-- runScenario -->
        <test-method status="PASS" signature="runScenario(io.cucumber.testng.PickleWrapper, io.cucumber.testng.FeatureWrapper)[pri:0, instance:com.urbanladder.runner.runner@27ce24aa]" name="runScenario" duration-ms="19706" started-at="2021-09-27T09:42:32Z" description="Runs Cucumber Scenarios" data-provider="scenarios" finished-at="2021-09-27T09:42:51Z">
          <params>
            <param index="0">
              <value>
                <![CDATA["sale"]]>
              </value>
            </param>
            <param index="1">
              <value>
                <![CDATA["Optional[Urban Ladder]"]]>
              </value>
            </param>
          </params>
          <reporter-output>
          </reporter-output>
        </test-method> <!-- runScenario -->
        <test-method status="PASS" signature="runScenario(io.cucumber.testng.PickleWrapper, io.cucumber.testng.FeatureWrapper)[pri:0, instance:com.urbanladder.runner.runner@27ce24aa]" name="runScenario" duration-ms="9695" started-at="2021-09-27T09:42:51Z" description="Runs Cucumber Scenarios" data-provider="scenarios" finished-at="2021-09-27T09:43:01Z">
          <params>
            <param index="0">
              <value>
                <![CDATA["living"]]>
              </value>
            </param>
            <param index="1">
              <value>
                <![CDATA["Optional[Urban Ladder]"]]>
              </value>
            </param>
          </params>
          <reporter-output>
          </reporter-output>
        </test-method> <!-- runScenario -->
        <test-method status="PASS" signature="runScenario(io.cucumber.testng.PickleWrapper, io.cucumber.testng.FeatureWrapper)[pri:0, instance:com.urbanladder.runner.runner@27ce24aa]" name="runScenario" duration-ms="18079" started-at="2021-09-27T09:43:01Z" description="Runs Cucumber Scenarios" data-provider="scenarios" finished-at="2021-09-27T09:43:19Z">
          <params>
            <param index="0">
              <value>
                <![CDATA["bedroom"]]>
              </value>
            </param>
            <param index="1">
              <value>
                <![CDATA["Optional[Urban Ladder]"]]>
              </value>
            </param>
          </params>
          <reporter-output>
          </reporter-output>
        </test-method> <!-- runScenario -->
        <test-method status="PASS" signature="runScenario(io.cucumber.testng.PickleWrapper, io.cucumber.testng.FeatureWrapper)[pri:0, instance:com.urbanladder.runner.runner@27ce24aa]" name="runScenario" duration-ms="9272" started-at="2021-09-27T09:43:19Z" description="Runs Cucumber Scenarios" data-provider="scenarios" finished-at="2021-09-27T09:43:28Z">
          <params>
            <param index="0">
              <value>
                <![CDATA["storage"]]>
              </value>
            </param>
            <param index="1">
              <value>
                <![CDATA["Optional[Urban Ladder]"]]>
              </value>
            </param>
          </params>
          <reporter-output>
          </reporter-output>
        </test-method> <!-- runScenario -->
        <test-method status="PASS" signature="runScenario(io.cucumber.testng.PickleWrapper, io.cucumber.testng.FeatureWrapper)[pri:0, instance:com.urbanladder.runner.runner@27ce24aa]" name="runScenario" duration-ms="9294" started-at="2021-09-27T09:43:28Z" description="Runs Cucumber Scenarios" data-provider="scenarios" finished-at="2021-09-27T09:43:38Z">
          <params>
            <param index="0">
              <value>
                <![CDATA["study"]]>
              </value>
            </param>
            <param index="1">
              <value>
                <![CDATA["Optional[Urban Ladder]"]]>
              </value>
            </param>
          </params>
          <reporter-output>
          </reporter-output>
        </test-method> <!-- runScenario -->
        <test-method status="PASS" signature="runScenario(io.cucumber.testng.PickleWrapper, io.cucumber.testng.FeatureWrapper)[pri:0, instance:com.urbanladder.runner.runner@27ce24aa]" name="runScenario" duration-ms="9297" started-at="2021-09-27T09:43:38Z" description="Runs Cucumber Scenarios" data-provider="scenarios" finished-at="2021-09-27T09:43:47Z">
          <params>
            <param index="0">
              <value>
                <![CDATA["kids room"]]>
              </value>
            </param>
            <param index="1">
              <value>
                <![CDATA["Optional[Urban Ladder]"]]>
              </value>
            </param>
          </params>
          <reporter-output>
          </reporter-output>
        </test-method> <!-- runScenario -->
        <test-method status="PASS" signature="runScenario(io.cucumber.testng.PickleWrapper, io.cucumber.testng.FeatureWrapper)[pri:0, instance:com.urbanladder.runner.runner@27ce24aa]" name="runScenario" duration-ms="67650" started-at="2021-09-27T09:43:47Z" description="Runs Cucumber Scenarios" data-provider="scenarios" finished-at="2021-09-27T09:44:55Z">
          <params>
            <param index="0">
              <value>
                <![CDATA["gift cards"]]>
              </value>
            </param>
            <param index="1">
              <value>
                <![CDATA["Optional[Urban Ladder]"]]>
              </value>
            </param>
          </params>
          <reporter-output>
          </reporter-output>
        </test-method> <!-- runScenario -->
        <test-method status="PASS" signature="runScenario(io.cucumber.testng.PickleWrapper, io.cucumber.testng.FeatureWrapper)[pri:0, instance:com.urbanladder.runner.runner@27ce24aa]" name="runScenario" duration-ms="7798" started-at="2021-09-27T09:44:55Z" description="Runs Cucumber Scenarios" data-provider="scenarios" finished-at="2021-09-27T09:45:02Z">
          <params>
            <param index="0">
              <value>
                <![CDATA["bulk orders"]]>
              </value>
            </param>
            <param index="1">
              <value>
                <![CDATA["Optional[Urban Ladder]"]]>
              </value>
            </param>
          </params>
          <reporter-output>
          </reporter-output>
        </test-method> <!-- runScenario -->
        <test-method status="PASS" signature="tearDownClass()[pri:0, instance:com.urbanladder.runner.runner@27ce24aa]" name="tearDownClass" is-config="true" duration-ms="17" started-at="2021-09-27T09:45:02Z" finished-at="2021-09-27T09:45:02Z">
          <reporter-output>
          </reporter-output>
        </test-method> <!-- tearDownClass -->
      </class> <!-- com.urbanladder.runner.runner -->
    </test> <!-- Default test -->
  </suite> <!-- Default suite -->
</testng-results>
